Tue Apr 24 15:20:21 PDT 2018
 mcnp     ver=6.mpi, ld=01/12/18  04/24/18 15:20:28                   
          Code Name & Version = MCNP6, 1.0
          Copyright LANS/LANL/DOE - see output file
  
     _/      _/        _/_/_/       _/      _/       _/_/_/         _/_/_/
    _/_/  _/_/      _/             _/_/    _/       _/    _/     _/       
   _/  _/  _/      _/             _/  _/  _/       _/_/_/       _/_/_/    
  _/      _/      _/             _/    _/_/       _/           _/    _/   
 _/      _/        _/_/_/       _/      _/       _/             _/_/      
  
  warning.  Physics models disabled.
 80  c/z 0.  0. 0.45                                                  
  warning.  this surface has been replaced by a surface of type cz
 m100 49000           1.0                                             
  warning.  material      100 is not used in the problem.
 m101 49115           1.0                                             
  warning.  material      101 is not used in the problem.
 m115 49115           1.0                                             
  warning.  material      115 is not used in the problem.
 m200 30000.70c       1.0                                             
  warning.  material      200 is not used in the problem.
 m500 1001.70c 0.486                                                  
  warning.  material      500 is not used in the problem.
 m700 7014.70c  1.0                                                   
  warning.  material      700 is not used in the problem.
 m850  1001.70c  -0.0221   $ Concrete                                 
  warning.  material      850 is not used in the problem.
 mt500 poly.10t $ natural poly/cr39                                   
  warning.  material      500 is not used in the problem.
 wgt=1.0 ext=0                                                        
  warning.  ext is constant. in most problems it is a variable.
 
  comment.  total nubar used if fissionable isotopes are present.
  warning.     1 energy bins of tally        4 are below energy cutoff.
  warning.    1 of the materials appear at more than one density.
  warning.  surface       57 is not used for anything.
  warning.  surface       60 is not used for anything.
  warning.  surface       70 is not used for anything.
  warning.  surface       75 is not used for anything.
  warning.  surface       80 is not used for anything.
  warning.  surface       81 is not used for anything.
  warning.  surface       82 is not used for anything.
 additional error messages on file HFNG.out
 comment. using random number generator  1, initial seed = 19073486328125      
 imcn   is done


 ctm =        0.00   nrn =                 0
 dump    1 on file runtpe   nps =           0   coll =                0
 xact   is done

 cp0 =   0.19
 master starting      79 MPI slave tasks with       1 threads each  04/24/18 15:20:37 
 master broadcasting static commons...
 master broadcasting dynamic commons...
 master broadcasting cross section data...
 master completed initialization broadcasts.
 master set rendezvous nps =   100000000,  work chunks =    79    04/24/18 15:20:37 
 master set rendezvous nps =   200000000,  work chunks =    79    04/24/18 15:21:28 
 master set rendezvous nps =   300000000,  work chunks =    79    04/24/18 15:22:19 
 master set rendezvous nps =   400000000,  work chunks =    79    04/24/18 15:23:10 
 master set rendezvous nps =   500000000,  work chunks =    79    04/24/18 15:24:02 
 master set rendezvous nps =   600000000,  work chunks =    79    04/24/18 15:24:53 
 master set rendezvous nps =   700000000,  work chunks =    79    04/24/18 15:25:44 
 master set rendezvous nps =   800000000,  work chunks =    79    04/24/18 15:26:35 
 master set rendezvous nps =   900000000,  work chunks =    79    04/24/18 15:27:26 
 master set rendezvous nps =  1000000000,  work chunks =    79    04/24/18 15:28:17 
      run terminated when  1000000000  particle histories were done.

 ctm =      654.15   nrn =       14790468066
 dump    2 on file runtpe   nps =  1000000000   coll =        507353512
 mcrun  is done

Tue Apr 24 15:29:09 PDT 2018
